<?xml version="1.0" encoding="UTF-8"?>
<testsuite name="collection.RouteStackManagerTest" tests="3" skipped="0" failures="0" errors="0" timestamp="2021-03-28T17:08:57" hostname="SPYNAD" time="0.018">
  <properties/>
  <testcase name="addRouteId()" classname="collection.RouteStackManagerTest" time="0.014"/>
  <testcase name="addRouteId_DELETEMULTIPLE()" classname="collection.RouteStackManagerTest" time="0.001"/>
  <testcase name="testRemovalMethods()" classname="collection.RouteStackManagerTest" time="0.003"/>
  <system-out><![CDATA[]]></system-out>
  <system-err><![CDATA[]]></system-err>
</testsuite>
