<?xml version="1.0" encoding="UTF-8"?>
<testsuite name="collection.RouteStackManagerTest" tests="3" skipped="0" failures="0" errors="0" timestamp="2021-04-20T15:48:31" hostname="SPYNAD" time="0.032">
  <properties/>
  <testcase name="addRouteId()" classname="collection.RouteStackManagerTest" time="0.016"/>
  <testcase name="addRouteId_DELETEMULTIPLE()" classname="collection.RouteStackManagerTest" time="0.002"/>
  <testcase name="testRemovalMethods()" classname="collection.RouteStackManagerTest" time="0.013"/>
  <system-out><![CDATA[]]></system-out>
  <system-err><![CDATA[]]></system-err>
</testsuite>
